creaed couriers
lets get employed
enter requestwork
gonna pop now
now let's withdraw
block  withdraw
unblock  withdraw
done withdrawing
after realCard
deliver realCard
lets get employed
enter requestwork
gonna pop now
now let's withdraw
done withdrawing
after realCard
deliver realCard
lets get employed
enter requestwork
block on requestwork
gonna pop now
now let's withdraw
block  withdraw
unblock  withdraw
done withdrawing
after realCard
deliver realCard
lets get employed
enter requestwork
gonna pop now
now let's withdraw
block  withdraw
unblock  withdraw
done withdrawing
after realCard
deliver realCard
lets get employed
enter requestwork
gonna pop now
now let's withdraw
block  withdraw
time to delete couriers
really time to delete couriers
nah nah now its time to delete couriers
fr this time really time to delete couriers
unblock  withdraw
done withdrawing
courier done :)
office ded
